<?xml version="1.0" encoding="UTF-8"?>
<!-- Generated by org.testng.reporters.JUnitReportReporter -->
<testsuite skipped="0" hostname="QA-SONIYA" name="Testcase.LoginTest" tests="1" failures="0" timestamp="25 Apr 2022 10:02:36 GMT" time="11.189" errors="0">
  <testcase name="loginPIM" time="11.189" classname="Testcase.LoginTest"/>
</testsuite> <!-- Testcase.LoginTest -->
