<?xml version="1.0" encoding="UTF-8"?>
<!-- Generated by org.testng.reporters.JUnitReportReporter -->
<testsuite hostname="MOB-PERLZ-LP293" failures="0" tests="2" name="Testcase.Bulk_Upload_Attribute" time="145.391" errors="0" timestamp="2023-01-19T11:18:25 IST" skipped="0">
  <testcase classname="Testcase.Bulk_Upload_Attribute" name="createAttributeGroup" time="107.888"/>
  <system-out>
    <![CDATA[<b style="color:blue"> INFO : </b>User name entered
<b style="color:blue"> INFO : </b>Password entered
<b style="color:blue"> INFO : </b>login submit is successful]]>
  </system-out>
  <testcase classname="Testcase.Bulk_Upload_Attribute" name="BulkAttributeCreation" time="37.503"/>
  <system-out/>
</testsuite> <!-- Testcase.Bulk_Upload_Attribute -->
